2022-06-01 17:26:08 [INFO ] c.p.r.NativeLoader:64 - ********************************
2022-06-01 17:26:08 [INFO ] c.p.r.NativeLoader:65 - Native library search paths: 
2022-06-01 17:26:08 [INFO ] c.p.r.NativeLoader:948 - C:\Users\yarac\AppData\Roaming\PVS-Studio-Java\7.18.59860
2022-06-01 17:26:08 [INFO ] c.p.r.NativeLoader:948 - .
2022-06-01 17:26:08 [INFO ] c.p.r.NativeLoader:948 - C:\Users\yarac\AppData\Roaming\PVS-Studio-Java\7.18.59860\..
2022-06-01 17:26:08 [INFO ] c.p.r.NativeLoader:948 - C:\Users\yarac\AppData\Roaming\PVS-Studio-Java\7.18.59860\..\..
2022-06-01 17:26:08 [INFO ] c.p.r.NativeLoader:948 - C:\Users\yarac\AppData\Roaming\PVS-Studio-Java\7.18.59860\..\..\build
2022-06-01 17:26:08 [INFO ] c.p.r.NativeLoader:67 - Additional path: native/win
2022-06-01 17:26:08 [INFO ] c.p.r.NativeLoader:76 - Native library found: C:\Users\yarac\AppData\Roaming\PVS-Studio-Java\7.18.59860\native\win\analysis-core.dll
2022-06-01 17:26:08 [INFO ] c.p.r.NativeLoader:77 - ********************************
2022-06-01 17:26:09 [INFO ] c.p.p.JsonEvaluator:49 - Module: SpringMVC
2022-06-01 17:26:09 [INFO ] c.p.p.JsonEvaluator:50 - Sources:
2022-06-01 17:26:09 [INFO ] c.p.p.JsonEvaluator:75 - E:/SpringMVC/SpringMVC/src/test/java
2022-06-01 17:26:09 [INFO ] c.p.p.JsonEvaluator:75 - E:/SpringMVC/SpringMVC/src/main/java
2022-06-01 17:26:09 [INFO ] c.p.p.JsonEvaluator:52 - Classpath:
2022-06-01 17:26:09 [INFO ] c.p.p.JsonEvaluator:75 - C:/Users/yarac/.jdks/openjdk-16.0.1!/java.management.rmi
2022-06-01 17:26:09 [INFO ] c.p.p.JsonEvaluator:75 - C:/Users/yarac/.jdks/openjdk-16.0.1!/jdk.zipfs
2022-06-01 17:26:09 [INFO ] c.p.p.JsonEvaluator:75 - C:/Users/yarac/.m2/repository/org/springframework/boot/spring-boot-starter/2.7.0/spring-boot-starter-2.7.0.jar
2022-06-01 17:26:09 [INFO ] c.p.p.JsonEvaluator:75 - C:/Users/yarac/.m2/repository/com/fasterxml/jackson/module/jackson-module-parameter-names/2.13.3/jackson-module-parameter-names-2.13.3.jar
2022-06-01 17:26:09 [INFO ] c.p.p.JsonEvaluator:75 - C:/Users/yarac/.jdks/openjdk-16.0.1!/jdk.security.auth
2022-06-01 17:26:09 [INFO ] c.p.p.JsonEvaluator:75 - C:/Users/yarac/.m2/repository/org/apache/tomcat/embed/tomcat-embed-core/9.0.63/tomcat-embed-core-9.0.63.jar
2022-06-01 17:26:09 [INFO ] c.p.p.JsonEvaluator:75 - C:/Users/yarac/.m2/repository/com/fasterxml/jackson/core/jackson-databind/2.13.3/jackson-databind-2.13.3.jar
2022-06-01 17:26:09 [INFO ] c.p.p.JsonEvaluator:75 - C:/Users/yarac/.m2/repository/net/minidev/accessors-smart/2.4.8/accessors-smart-2.4.8.jar
2022-06-01 17:26:09 [INFO ] c.p.p.JsonEvaluator:75 - C:/Users/yarac/.m2/repository/org/yaml/snakeyaml/1.30/snakeyaml-1.30.jar
2022-06-01 17:26:09 [INFO ] c.p.p.JsonEvaluator:75 - C:/Users/yarac/.jdks/openjdk-16.0.1!/java.scripting
2022-06-01 17:26:09 [INFO ] c.p.p.JsonEvaluator:75 - C:/Users/yarac/.jdks/openjdk-16.0.1!/jdk.internal.ed
2022-06-01 17:26:09 [INFO ] c.p.p.JsonEvaluator:75 - C:/Users/yarac/.m2/repository/net/minidev/json-smart/2.4.8/json-smart-2.4.8.jar
2022-06-01 17:26:09 [INFO ] c.p.p.JsonEvaluator:75 - C:/Users/yarac/.m2/repository/org/ow2/asm/asm/9.1/asm-9.1.jar
2022-06-01 17:26:09 [INFO ] c.p.p.JsonEvaluator:75 - C:/Users/yarac/.m2/repository/org/attoparser/attoparser/2.0.5.RELEASE/attoparser-2.0.5.RELEASE.jar
2022-06-01 17:26:09 [INFO ] c.p.p.JsonEvaluator:75 - C:/Users/yarac/.jdks/openjdk-16.0.1!/java.base
2022-06-01 17:26:09 [INFO ] c.p.p.JsonEvaluator:75 - C:/Users/yarac/.m2/repository/org/projectlombok/lombok/1.18.24/lombok-1.18.24.jar
2022-06-01 17:26:09 [INFO ] c.p.p.JsonEvaluator:75 - C:/Users/yarac/.m2/repository/org/junit/platform/junit-platform-commons/1.8.2/junit-platform-commons-1.8.2.jar
2022-06-01 17:26:09 [INFO ] c.p.p.JsonEvaluator:75 - C:/Users/yarac/.jdks/openjdk-16.0.1!/jdk.localedata
2022-06-01 17:26:09 [INFO ] c.p.p.JsonEvaluator:75 - C:/Users/yarac/.m2/repository/org/springframework/boot/spring-boot-starter-thymeleaf/2.7.0/spring-boot-starter-thymeleaf-2.7.0.jar
2022-06-01 17:26:09 [INFO ] c.p.p.JsonEvaluator:75 - C:/Users/yarac/.m2/repository/org/mockito/mockito-core/4.5.1/mockito-core-4.5.1.jar
2022-06-01 17:26:09 [INFO ] c.p.p.JsonEvaluator:75 - C:/Users/yarac/.jdks/openjdk-16.0.1!/java.xml
2022-06-01 17:26:09 [INFO ] c.p.p.JsonEvaluator:75 - C:/Users/yarac/.m2/repository/org/mockito/mockito-junit-jupiter/4.5.1/mockito-junit-jupiter-4.5.1.jar
2022-06-01 17:26:09 [INFO ] c.p.p.JsonEvaluator:75 - C:/Users/yarac/.m2/repository/org/springframework/spring-core/5.3.20/spring-core-5.3.20.jar
2022-06-01 17:26:09 [INFO ] c.p.p.JsonEvaluator:75 - C:/Users/yarac/.jdks/openjdk-16.0.1!/jdk.incubator.foreign
2022-06-01 17:26:09 [INFO ] c.p.p.JsonEvaluator:75 - C:/Users/yarac/.jdks/openjdk-16.0.1!/jdk.xml.dom
2022-06-01 17:26:09 [INFO ] c.p.p.JsonEvaluator:75 - C:/Users/yarac/.m2/repository/org/slf4j/slf4j-api/1.7.36/slf4j-api-1.7.36.jar
2022-06-01 17:26:09 [INFO ] c.p.p.JsonEvaluator:75 - C:/Users/yarac/.jdks/openjdk-16.0.1!/jdk.internal.jvmstat
2022-06-01 17:26:09 [INFO ] c.p.p.JsonEvaluator:75 - C:/Users/yarac/.m2/repository/org/opentest4j/opentest4j/1.2.0/opentest4j-1.2.0.jar
2022-06-01 17:26:09 [INFO ] c.p.p.JsonEvaluator:75 - C:/Users/yarac/.m2/repository/org/springframework/boot/spring-boot-devtools/2.7.0/spring-boot-devtools-2.7.0.jar
2022-06-01 17:26:09 [INFO ] c.p.p.JsonEvaluator:75 - C:/Users/yarac/.jdks/openjdk-16.0.1!/jdk.unsupported
2022-06-01 17:26:09 [INFO ] c.p.p.JsonEvaluator:75 - C:/Users/yarac/.m2/repository/com/fasterxml/jackson/datatype/jackson-datatype-jsr310/2.13.3/jackson-datatype-jsr310-2.13.3.jar
2022-06-01 17:26:09 [INFO ] c.p.p.JsonEvaluator:75 - C:/Users/yarac/.jdks/openjdk-16.0.1!/jdk.httpserver
2022-06-01 17:26:09 [INFO ] c.p.p.JsonEvaluator:75 - C:/Users/yarac/.m2/repository/org/springframework/spring-aop/5.3.20/spring-aop-5.3.20.jar
2022-06-01 17:26:09 [INFO ] c.p.p.JsonEvaluator:75 - C:/Users/yarac/.m2/repository/org/apache/logging/log4j/log4j-api/2.17.2/log4j-api-2.17.2.jar
2022-06-01 17:26:09 [INFO ] c.p.p.JsonEvaluator:75 - C:/Users/yarac/.jdks/openjdk-16.0.1!/jdk.internal.opt
2022-06-01 17:26:09 [INFO ] c.p.p.JsonEvaluator:75 - C:/Users/yarac/.m2/repository/org/springframework/boot/spring-boot-starter-web/2.7.0/spring-boot-starter-web-2.7.0.jar
2022-06-01 17:26:09 [INFO ] c.p.p.JsonEvaluator:75 - C:/Users/yarac/.m2/repository/org/springframework/boot/spring-boot-configuration-processor/2.7.0/spring-boot-configuration-processor-2.7.0.jar
2022-06-01 17:26:09 [INFO ] c.p.p.JsonEvaluator:75 - C:/Users/yarac/.jdks/openjdk-16.0.1!/jdk.javadoc
2022-06-01 17:26:09 [INFO ] c.p.p.JsonEvaluator:75 - C:/Users/yarac/.m2/repository/org/springframework/boot/spring-boot-starter-test/2.7.0/spring-boot-starter-test-2.7.0.jar
2022-06-01 17:26:09 [INFO ] c.p.p.JsonEvaluator:75 - C:/Users/yarac/.jdks/openjdk-16.0.1!/jdk.naming.rmi
2022-06-01 17:26:09 [INFO ] c.p.p.JsonEvaluator:75 - C:/Users/yarac/.jdks/openjdk-16.0.1!/jdk.jdeps
2022-06-01 17:26:09 [INFO ] c.p.p.JsonEvaluator:75 - C:/Users/yarac/.m2/repository/org/xmlunit/xmlunit-core/2.9.0/xmlunit-core-2.9.0.jar
2022-06-01 17:26:09 [INFO ] c.p.p.JsonEvaluator:75 - C:/Users/yarac/.jdks/openjdk-16.0.1!/jdk.compiler
2022-06-01 17:26:09 [INFO ] c.p.p.JsonEvaluator:75 - C:/Users/yarac/.m2/repository/org/slf4j/jul-to-slf4j/1.7.36/jul-to-slf4j-1.7.36.jar
2022-06-01 17:26:09 [INFO ] c.p.p.JsonEvaluator:75 - C:/Users/yarac/.jdks/openjdk-16.0.1!/jdk.jartool
2022-06-01 17:26:09 [INFO ] c.p.p.JsonEvaluator:75 - C:/Users/yarac/.jdks/openjdk-16.0.1!/jdk.accessibility
2022-06-01 17:26:09 [INFO ] c.p.p.JsonEvaluator:75 - C:/Users/yarac/.m2/repository/org/skyscreamer/jsonassert/1.5.0/jsonassert-1.5.0.jar
2022-06-01 17:26:09 [INFO ] c.p.p.JsonEvaluator:75 - C:/Users/yarac/.jdks/openjdk-16.0.1!/jdk.unsupported.desktop
2022-06-01 17:26:09 [INFO ] c.p.p.JsonEvaluator:75 - C:/Users/yarac/.m2/repository/org/springframework/boot/spring-boot-test-autoconfigure/2.7.0/spring-boot-test-autoconfigure-2.7.0.jar
2022-06-01 17:26:09 [INFO ] c.p.p.JsonEvaluator:75 - C:/Users/yarac/.m2/repository/jakarta/activation/jakarta.activation-api/1.2.2/jakarta.activation-api-1.2.2.jar
2022-06-01 17:26:09 [INFO ] c.p.p.JsonEvaluator:75 - C:/Users/yarac/.m2/repository/org/springframework/boot/spring-boot-starter-json/2.7.0/spring-boot-starter-json-2.7.0.jar
2022-06-01 17:26:09 [INFO ] c.p.p.JsonEvaluator:75 - C:/Users/yarac/.m2/repository/org/junit/jupiter/junit-jupiter-api/5.8.2/junit-jupiter-api-5.8.2.jar
2022-06-01 17:26:09 [INFO ] c.p.p.JsonEvaluator:75 - C:/Users/yarac/.jdks/openjdk-16.0.1!/java.compiler
2022-06-01 17:26:09 [INFO ] c.p.p.JsonEvaluator:75 - C:/Users/yarac/.jdks/openjdk-16.0.1!/jdk.editpad
2022-06-01 17:26:09 [INFO ] c.p.p.JsonEvaluator:75 - C:/Users/yarac/.m2/repository/org/apache/tomcat/embed/tomcat-embed-el/9.0.63/tomcat-embed-el-9.0.63.jar
2022-06-01 17:26:09 [INFO ] c.p.p.JsonEvaluator:75 - C:/Users/yarac/.m2/repository/org/apache/logging/log4j/log4j-to-slf4j/2.17.2/log4j-to-slf4j-2.17.2.jar
2022-06-01 17:26:09 [INFO ] c.p.p.JsonEvaluator:75 - C:/Users/yarac/.jdks/openjdk-16.0.1!/jdk.attach
2022-06-01 17:26:09 [INFO ] c.p.p.JsonEvaluator:75 - C:/Users/yarac/.jdks/openjdk-16.0.1!/jdk.jconsole
2022-06-01 17:26:09 [INFO ] c.p.p.JsonEvaluator:75 - C:/Users/yarac/.m2/repository/org/springframework/boot/spring-boot/2.7.0/spring-boot-2.7.0.jar
2022-06-01 17:26:09 [INFO ] c.p.p.JsonEvaluator:75 - C:/Users/yarac/.jdks/openjdk-16.0.1!/jdk.jfr
2022-06-01 17:26:09 [INFO ] c.p.p.JsonEvaluator:75 - C:/Users/yarac/.m2/repository/ch/qos/logback/logback-core/1.2.11/logback-core-1.2.11.jar
2022-06-01 17:26:09 [INFO ] c.p.p.JsonEvaluator:75 - C:/Users/yarac/.jdks/openjdk-16.0.1!/jdk.management.agent
2022-06-01 17:26:09 [INFO ] c.p.p.JsonEvaluator:75 - C:/Users/yarac/.jdks/openjdk-16.0.1!/jdk.internal.le
2022-06-01 17:26:09 [INFO ] c.p.p.JsonEvaluator:75 - C:/Users/yarac/.jdks/openjdk-16.0.1!/jdk.crypto.ec
2022-06-01 17:26:09 [INFO ] c.p.p.JsonEvaluator:75 - C:/Users/yarac/.jdks/openjdk-16.0.1!/jdk.jshell
2022-06-01 17:26:09 [INFO ] c.p.p.JsonEvaluator:75 - C:/Users/yarac/.m2/repository/org/hamcrest/hamcrest/2.2/hamcrest-2.2.jar
2022-06-01 17:26:09 [INFO ] c.p.p.JsonEvaluator:75 - C:/Users/yarac/.jdks/openjdk-16.0.1!/java.transaction.xa
2022-06-01 17:26:09 [INFO ] c.p.p.JsonEvaluator:75 - C:/Users/yarac/.jdks/openjdk-16.0.1!/jdk.jpackage
2022-06-01 17:26:09 [INFO ] c.p.p.JsonEvaluator:75 - C:/Users/yarac/.m2/repository/jakarta/annotation/jakarta.annotation-api/1.3.5/jakarta.annotation-api-1.3.5.jar
2022-06-01 17:26:09 [INFO ] c.p.p.JsonEvaluator:75 - C:/Users/yarac/.m2/repository/org/thymeleaf/thymeleaf/3.0.15.RELEASE/thymeleaf-3.0.15.RELEASE.jar
2022-06-01 17:26:09 [INFO ] c.p.p.JsonEvaluator:75 - C:/Users/yarac/.m2/repository/org/unbescape/unbescape/1.1.6.RELEASE/unbescape-1.1.6.RELEASE.jar
2022-06-01 17:26:09 [INFO ] c.p.p.JsonEvaluator:75 - C:/Users/yarac/.jdks/openjdk-16.0.1!/jdk.net
2022-06-01 17:26:09 [INFO ] c.p.p.JsonEvaluator:75 - C:/Users/yarac/.jdks/openjdk-16.0.1!/java.logging
2022-06-01 17:26:09 [INFO ] c.p.p.JsonEvaluator:75 - C:/Users/yarac/.jdks/openjdk-16.0.1!/jdk.sctp
2022-06-01 17:26:09 [INFO ] c.p.p.JsonEvaluator:75 - C:/Users/yarac/.jdks/openjdk-16.0.1!/jdk.incubator.vector
2022-06-01 17:26:09 [INFO ] c.p.p.JsonEvaluator:75 - C:/Users/yarac/.m2/repository/org/junit/jupiter/junit-jupiter-params/5.8.2/junit-jupiter-params-5.8.2.jar
2022-06-01 17:26:09 [INFO ] c.p.p.JsonEvaluator:75 - C:/Users/yarac/.m2/repository/org/junit/jupiter/junit-jupiter-engine/5.8.2/junit-jupiter-engine-5.8.2.jar
2022-06-01 17:26:09 [INFO ] c.p.p.JsonEvaluator:75 - C:/Users/yarac/.jdks/openjdk-16.0.1!/java.xml.crypto
2022-06-01 17:26:09 [INFO ] c.p.p.JsonEvaluator:75 - C:/Users/yarac/.m2/repository/com/jayway/jsonpath/json-path/2.7.0/json-path-2.7.0.jar
2022-06-01 17:26:09 [INFO ] c.p.p.JsonEvaluator:75 - C:/Users/yarac/.jdks/openjdk-16.0.1!/jdk.charsets
2022-06-01 17:26:09 [INFO ] c.p.p.JsonEvaluator:75 - C:/Users/yarac/.m2/repository/org/springframework/spring-expression/5.3.20/spring-expression-5.3.20.jar
2022-06-01 17:26:09 [INFO ] c.p.p.JsonEvaluator:75 - C:/Users/yarac/.m2/repository/org/apiguardian/apiguardian-api/1.1.2/apiguardian-api-1.1.2.jar
2022-06-01 17:26:09 [INFO ] c.p.p.JsonEvaluator:75 - C:/Users/yarac/.jdks/openjdk-16.0.1!/jdk.crypto.mscapi
2022-06-01 17:26:09 [INFO ] c.p.p.JsonEvaluator:75 - C:/Users/yarac/.m2/repository/org/springframework/boot/spring-boot-starter-tomcat/2.7.0/spring-boot-starter-tomcat-2.7.0.jar
2022-06-01 17:26:09 [INFO ] c.p.p.JsonEvaluator:75 - C:/Users/yarac/.jdks/openjdk-16.0.1!/java.desktop
2022-06-01 17:26:09 [INFO ] c.p.p.JsonEvaluator:75 - C:/Users/yarac/.m2/repository/org/thymeleaf/extras/thymeleaf-extras-java8time/3.0.4.RELEASE/thymeleaf-extras-java8time-3.0.4.RELEASE.jar
2022-06-01 17:26:09 [INFO ] c.p.p.JsonEvaluator:75 - C:/Users/yarac/.jdks/openjdk-16.0.1!/java.prefs
2022-06-01 17:26:09 [INFO ] c.p.p.JsonEvaluator:75 - C:/Users/yarac/.jdks/openjdk-16.0.1!/jdk.dynalink
2022-06-01 17:26:09 [INFO ] c.p.p.JsonEvaluator:75 - C:/Users/yarac/.m2/repository/org/junit/platform/junit-platform-engine/1.8.2/junit-platform-engine-1.8.2.jar
2022-06-01 17:26:09 [INFO ] c.p.p.JsonEvaluator:75 - C:/Users/yarac/.jdks/openjdk-16.0.1!/jdk.naming.dns
2022-06-01 17:26:09 [INFO ] c.p.p.JsonEvaluator:75 - C:/Users/yarac/.jdks/openjdk-16.0.1!/java.sql.rowset
2022-06-01 17:26:09 [INFO ] c.p.p.JsonEvaluator:75 - C:/Users/yarac/.jdks/openjdk-16.0.1!/java.rmi
2022-06-01 17:26:09 [INFO ] c.p.p.JsonEvaluator:75 - C:/Users/yarac/.jdks/openjdk-16.0.1!/jdk.crypto.cryptoki
2022-06-01 17:26:09 [INFO ] c.p.p.JsonEvaluator:75 - C:/Users/yarac/.jdks/openjdk-16.0.1!/jdk.jdi
2022-06-01 17:26:09 [INFO ] c.p.p.JsonEvaluator:75 - C:/Users/yarac/.jdks/openjdk-16.0.1!/jdk.security.jgss
2022-06-01 17:26:09 [INFO ] c.p.p.JsonEvaluator:75 - C:/Users/yarac/.m2/repository/org/thymeleaf/thymeleaf-spring5/3.0.15.RELEASE/thymeleaf-spring5-3.0.15.RELEASE.jar
2022-06-01 17:26:09 [INFO ] c.p.p.JsonEvaluator:75 - C:/Users/yarac/.jdks/openjdk-16.0.1!/jdk.management
2022-06-01 17:26:09 [INFO ] c.p.p.JsonEvaluator:75 - C:/Users/yarac/.jdks/openjdk-16.0.1!/java.naming
2022-06-01 17:26:09 [INFO ] c.p.p.JsonEvaluator:75 - C:/Users/yarac/.jdks/openjdk-16.0.1!/jdk.management.jfr
2022-06-01 17:26:09 [INFO ] c.p.p.JsonEvaluator:75 - C:/Users/yarac/.m2/repository/net/bytebuddy/byte-buddy/1.12.10/byte-buddy-1.12.10.jar
2022-06-01 17:26:09 [INFO ] c.p.p.JsonEvaluator:75 - C:/Users/yarac/.m2/repository/org/springframework/boot/spring-boot-starter-logging/2.7.0/spring-boot-starter-logging-2.7.0.jar
2022-06-01 17:26:09 [INFO ] c.p.p.JsonEvaluator:75 - C:/Users/yarac/.jdks/openjdk-16.0.1!/jdk.nio.mapmode
2022-06-01 17:26:09 [INFO ] c.p.p.JsonEvaluator:75 - C:/Users/yarac/.m2/repository/org/objenesis/objenesis/3.2/objenesis-3.2.jar
2022-06-01 17:26:09 [INFO ] c.p.p.JsonEvaluator:75 - C:/Users/yarac/.jdks/openjdk-16.0.1!/jdk.jsobject
2022-06-01 17:26:09 [INFO ] c.p.p.JsonEvaluator:75 - C:/Users/yarac/.m2/repository/com/fasterxml/jackson/core/jackson-core/2.13.3/jackson-core-2.13.3.jar
2022-06-01 17:26:09 [INFO ] c.p.p.JsonEvaluator:75 - C:/Users/yarac/.jdks/openjdk-16.0.1!/java.datatransfer
2022-06-01 17:26:09 [INFO ] c.p.p.JsonEvaluator:75 - C:/Users/yarac/.m2/repository/com/vaadin/external/google/android-json/0.0.20131108.vaadin1/android-json-0.0.20131108.vaadin1.jar
2022-06-01 17:26:09 [INFO ] c.p.p.JsonEvaluator:75 - C:/Users/yarac/.m2/repository/com/fasterxml/jackson/datatype/jackson-datatype-jdk8/2.13.3/jackson-datatype-jdk8-2.13.3.jar
2022-06-01 17:26:09 [INFO ] c.p.p.JsonEvaluator:75 - C:/Users/yarac/.m2/repository/org/apache/tomcat/embed/tomcat-embed-websocket/9.0.63/tomcat-embed-websocket-9.0.63.jar
2022-06-01 17:26:09 [INFO ] c.p.p.JsonEvaluator:75 - C:/Users/yarac/.jdks/openjdk-16.0.1!/java.security.jgss
2022-06-01 17:26:09 [INFO ] c.p.p.JsonEvaluator:75 - C:/Users/yarac/.m2/repository/org/springframework/spring-context/5.3.20/spring-context-5.3.20.jar
2022-06-01 17:26:09 [INFO ] c.p.p.JsonEvaluator:75 - C:/Users/yarac/.jdks/openjdk-16.0.1!/jdk.jcmd
2022-06-01 17:26:09 [INFO ] c.p.p.JsonEvaluator:75 - C:/Users/yarac/.m2/repository/org/springframework/spring-beans/5.3.20/spring-beans-5.3.20.jar
2022-06-01 17:26:09 [INFO ] c.p.p.JsonEvaluator:75 - C:/Users/yarac/.jdks/openjdk-16.0.1!/jdk.jstatd
2022-06-01 17:26:09 [INFO ] c.p.p.JsonEvaluator:75 - C:/Users/yarac/.jdks/openjdk-16.0.1!/jdk.jdwp.agent
2022-06-01 17:26:09 [INFO ] c.p.p.JsonEvaluator:75 - C:/Users/yarac/.jdks/openjdk-16.0.1!/java.smartcardio
2022-06-01 17:26:09 [INFO ] c.p.p.JsonEvaluator:75 - C:/Users/yarac/.m2/repository/org/junit/jupiter/junit-jupiter/5.8.2/junit-jupiter-5.8.2.jar
2022-06-01 17:26:09 [INFO ] c.p.p.JsonEvaluator:75 - C:/Users/yarac/.m2/repository/jakarta/xml/bind/jakarta.xml.bind-api/2.3.3/jakarta.xml.bind-api-2.3.3.jar
2022-06-01 17:26:09 [INFO ] c.p.p.JsonEvaluator:75 - C:/Users/yarac/.m2/repository/org/springframework/spring-jcl/5.3.20/spring-jcl-5.3.20.jar
2022-06-01 17:26:09 [INFO ] c.p.p.JsonEvaluator:75 - C:/Users/yarac/.m2/repository/org/springframework/spring-webmvc/5.3.20/spring-webmvc-5.3.20.jar
2022-06-01 17:26:09 [INFO ] c.p.p.JsonEvaluator:75 - C:/Users/yarac/.m2/repository/net/bytebuddy/byte-buddy-agent/1.12.10/byte-buddy-agent-1.12.10.jar
2022-06-01 17:26:09 [INFO ] c.p.p.JsonEvaluator:75 - C:/Users/yarac/.m2/repository/org/springframework/boot/spring-boot-test/2.7.0/spring-boot-test-2.7.0.jar
2022-06-01 17:26:09 [INFO ] c.p.p.JsonEvaluator:75 - C:/Users/yarac/.m2/repository/org/springframework/spring-test/5.3.20/spring-test-5.3.20.jar
2022-06-01 17:26:09 [INFO ] c.p.p.JsonEvaluator:75 - C:/Users/yarac/.jdks/openjdk-16.0.1!/java.net.http
2022-06-01 17:26:09 [INFO ] c.p.p.JsonEvaluator:75 - C:/Users/yarac/.m2/repository/org/springframework/spring-web/5.3.20/spring-web-5.3.20.jar
2022-06-01 17:26:09 [INFO ] c.p.p.JsonEvaluator:75 - C:/Users/yarac/.m2/repository/ch/qos/logback/logback-classic/1.2.11/logback-classic-1.2.11.jar
2022-06-01 17:26:09 [INFO ] c.p.p.JsonEvaluator:75 - C:/Users/yarac/.jdks/openjdk-16.0.1!/java.instrument
2022-06-01 17:26:09 [INFO ] c.p.p.JsonEvaluator:75 - C:/Users/yarac/.jdks/openjdk-16.0.1!/java.sql
2022-06-01 17:26:09 [INFO ] c.p.p.JsonEvaluator:75 - C:/Users/yarac/.m2/repository/com/fasterxml/jackson/core/jackson-annotations/2.13.3/jackson-annotations-2.13.3.jar
2022-06-01 17:26:09 [INFO ] c.p.p.JsonEvaluator:75 - C:/Users/yarac/.jdks/openjdk-16.0.1!/java.se
2022-06-01 17:26:09 [INFO ] c.p.p.JsonEvaluator:75 - C:/Users/yarac/AppData/Roaming/JetBrains/IntelliJIdea2022.1/javascript/extLibs/http_use.fontawesome.com_releases_v5.11.2_css_all.css
2022-06-01 17:26:09 [INFO ] c.p.p.JsonEvaluator:75 - C:/Users/yarac/.jdks/openjdk-16.0.1!/jdk.hotspot.agent
2022-06-01 17:26:09 [INFO ] c.p.p.JsonEvaluator:75 - C:/Users/yarac/.jdks/openjdk-16.0.1!/java.security.sasl
2022-06-01 17:26:09 [INFO ] c.p.p.JsonEvaluator:75 - C:/Users/yarac/.jdks/openjdk-16.0.1!/java.management
2022-06-01 17:26:09 [INFO ] c.p.p.JsonEvaluator:75 - C:/Users/yarac/.jdks/openjdk-16.0.1!/jdk.jlink
2022-06-01 17:26:09 [INFO ] c.p.p.JsonEvaluator:75 - C:/Users/yarac/.jdks/openjdk-16.0.1!/jdk.internal.vm.ci
2022-06-01 17:26:09 [INFO ] c.p.p.JsonEvaluator:75 - C:/Users/yarac/.m2/repository/org/springframework/boot/spring-boot-autoconfigure/2.7.0/spring-boot-autoconfigure-2.7.0.jar
2022-06-01 17:26:09 [INFO ] c.p.p.JsonEvaluator:75 - C:/Users/yarac/.m2/repository/org/assertj/assertj-core/3.22.0/assertj-core-3.22.0.jar
2022-06-01 17:26:09 [INFO ] c.p.p.IncrementalLauncher:278 - Build model from scratch...
2022-06-01 17:26:10 [INFO ] c.p.p.IncrementalLauncher:312 - Cache saving started.
2022-06-01 17:26:10 [WARN ] c.p.p.IncrementalLauncher:319 - Spoon compile error: The blank final field spotifyUrlService may not have been initialized at E:\SpringMVC\SpringMVC\src\main\java\com\example\controller\CallbackController.java:23
spoon.support.compiler.SnippetCompilationError: The blank final field spotifyUrlService may not have been initialized at E:\SpringMVC\SpringMVC\src\main\java\com\example\controller\CallbackController.java:23
	at spoon.support.compiler.jdt.JDTBasedSpoonCompiler.reportProblemsWhenCompiling(JDTBasedSpoonCompiler.java:609)
	at spoon.support.compiler.jdt.JDTBasedSpoonCompiler.compile(JDTBasedSpoonCompiler.java:167)
	at com.pvsstudio.projects.IncrementalLauncher.saveCache(IncrementalLauncher.java:315)
	at com.pvsstudio.projects.Module.build(Module.java:379)
	at com.pvsstudio.runner.ModuleWorker.run(ModuleWorker.java:52)
	at com.pvsstudio.runner.AnalyzerRunner.run(AnalyzerRunner.java:81)
	at com.pvsstudio.Main.main(Main.java:508)
2022-06-01 17:26:10 [INFO ] c.p.p.IncrementalLauncher:355 - Cache saving finished.
2022-06-01 17:26:10 [INFO ] c.p.p.Module:383 - Model build success.
